aolin24.uab.es

CUDA Driver Version:           9000
NVRM version:                  NVIDIA UNIX x86_64 Kernel Module  384.81  Sat Sep  2 02:43:11 PDT 2017

Device Number:                 0
Device Name:                   GeForce GTX 1080 Ti
Device Revision Number:        6.1
Global Memory Size:            11711807488
Number of Multiprocessors:     28
Concurrent Copy and Execution: Yes
Total Constant Memory:         65536
Total Shared Memory per Block: 49152
Registers per Block:           65536
Warp Size:                     32
Maximum Threads per Block:     1024
Maximum Block Dimensions:      1024, 1024, 64
Maximum Grid Dimensions:       2147483647 x 65535 x 65535
Maximum Memory Pitch:          2147483647B
Texture Alignment:             512B
Clock Rate:                    1620 MHz
Execution Timeout:             No
Integrated Device:             No
Can Map Host Memory:           Yes
Compute Mode:                  default
Concurrent Kernels:            Yes
ECC Enabled:                   No
Memory Clock Rate:             5505 MHz
Memory Bus Width:              352 bits
L2 Cache Size:                 2883584 bytes
Max Threads Per SMP:           2048
Async Engines:                 2
Unified Addressing:            Yes
Managed Memory:                Yes
Concurrent Managed Memory:     Yes
Preemption Supported:          Yes
Cooperative Launch:            Yes
  Multi-Device:                Yes
PGI Compiler Option:           -ta=tesla:cc60

CUDA Driver Version:           9000
NVRM version:                  NVIDIA UNIX x86_64 Kernel Module  384.81  Sat Sep  2 02:43:11 PDT 2017

Device Number:                 0
Device Name:                   GeForce GTX 1080 Ti
Device Revision Number:        6.1
Global Memory Size:            11711807488
Number of Multiprocessors:     28
Concurrent Copy and Execution: Yes
Total Constant Memory:         65536
Total Shared Memory per Block: 49152
Registers per Block:           65536
Warp Size:                     32
Maximum Threads per Block:     1024
Maximum Block Dimensions:      1024, 1024, 64
Maximum Grid Dimensions:       2147483647 x 65535 x 65535
Maximum Memory Pitch:          2147483647B
Texture Alignment:             512B
Clock Rate:                    1620 MHz
Execution Timeout:             No
Integrated Device:             No
Can Map Host Memory:           Yes
Compute Mode:                  default
Concurrent Kernels:            Yes
ECC Enabled:                   No
Memory Clock Rate:             5505 MHz
Memory Bus Width:              352 bits
L2 Cache Size:                 2883584 bytes
Max Threads Per SMP:           2048
Async Engines:                 2
Unified Addressing:            Yes
Managed Memory:                Yes
Concurrent Managed Memory:     Yes
Preemption Supported:          Yes
Cooperative Launch:            Yes
  Multi-Device:                Yes
PGI Compiler Option:           -ta=tesla:cc60
Sat Feb 23 19:36:12 2019       
+-----------------------------------------------------------------------------+
| NVIDIA-SMI 384.81                 Driver Version: 384.81                    |
|-------------------------------+----------------------+----------------------+
| GPU  Name        Persistence-M| Bus-Id        Disp.A | Volatile Uncorr. ECC |
| Fan  Temp  Perf  Pwr:Usage/Cap|         Memory-Usage | GPU-Util  Compute M. |
|===============================+======================+======================|
|   0  GeForce GTX 108...  Off  | 00000000:01:00.0 Off |                  N/A |
|  0%   39C    P5    47W / 250W |      0MiB / 11169MiB |      0%      Default |
+-------------------------------+----------------------+----------------------+
                                                                               
+-----------------------------------------------------------------------------+
| Processes:                                                       GPU Memory |
|  GPU       PID   Type   Process name                             Usage      |
|=============================================================================|
|  No running processes found                                                 |
+-----------------------------------------------------------------------------+
8
read_CSV_data:
     36, Loop not vectorized/parallelized: potential early exits
     86, Memory copy idiom, loop replaced by call to __c_mcopy4
     94, Loop not vectorized/parallelized: contains call
PointsToCentroides:
    111, Generating Multicore code
        112, #pragma acc loop gang
    117, Loop is parallelizable
         Memory zero idiom, loop replaced by call to __c_mzero4
    121, Generating Multicore code
        122, #pragma acc loop gang
    122, Invariant if transformation
    136, Loop is parallelizable
         Generated an alternate version of the loop
         Generated vector simd code for the loop containing reductions
         Generated 3 prefetch instructions for the loop
         Generated vector simd code for the loop containing reductions
         Generated 3 prefetch instructions for the loop
    159, Loop carried scalar dependence for dist1 at line 182
         Scalar last value needed after loop for min_arg1 at line 197,196
         Loop carried scalar dependence for min_arg1 at line 182
         Loop carried scalar dependence for dist1 at line 183
         Loop carried scalar dependence for dist3 at line 185
         Scalar last value needed after loop for min_arg2 at line 211,206
         Scalar last value needed after loop for min_arg1 at line 202
         Scalar last value needed after loop for min_arg2 at line 205
         Loop carried scalar dependence for min_arg2 at line 185
         Loop carried scalar dependence for dist3 at line 186
         Loop carried scalar dependence for dist4 at line 179
         Loop carried scalar dependence for min_dist1 at line 182
         Loop carried scalar dependence for dist2 at line 188
         Loop carried scalar dependence for dist1 at line 176
         Loop carried scalar dependence for min_dist2 at line 186
         Loop carried scalar dependence for dist1 at line 189
         Loop carried scalar dependence for dist2 at line 177
         Loop carried scalar dependence for min_dist1 at line 183
         Loop carried scalar dependence for min_dist2 at line 185
         Loop carried scalar dependence for dist3 at line 178
         Loop carried scalar dependence for dist2 at line 189
         Loop carried scalar dependence for dist4 at line 192,191
    163, Loop is parallelizable
         Generated an alternate version of the loop
         Generated vector simd code for the loop containing reductions
         Generated 4 prefetch instructions for the loop
         Generated vector simd code for the loop containing reductions
         Generated 4 prefetch instructions for the loop
         Generated vector simd code for the loop containing reductions
         Generated 4 prefetch instructions for the loop
         Generated vector simd code for the loop containing reductions
         Generated 4 prefetch instructions for the loop
    200, Loop is parallelizable
         Loop not vectorized: data dependency
         Loop unrolled 8 times
    209, Loop is parallelizable
         Loop not vectorized: data dependency
         Loop unrolled 8 times
    215, Generating Multicore code
        216, #pragma acc loop gang
    220, Loop is parallelizable
         Loop not vectorized: data dependency
main:
    279, Loop not vectorized/parallelized: contains call
    285, read_CSV_data inlined, size=52 (inline) file kmeanACC.c (10)
          36, Loop not vectorized/parallelized: potential early exits
          86, Memory copy idiom, loop replaced by call to __c_mcopy4
          94, Loop not vectorized/parallelized: contains call
    289, Loop not vectorized/parallelized: potential early exits
    307, Loop not vectorized/parallelized: contains call
    326, Loop not vectorized/parallelized: contains call
    338, Loop not vectorized/parallelized: contains call
Usage: ./km1<InputData_Large.csv>, <K=Number of Clusters>, <N=Number of Rows>, <D=Number of Columns>
We now use default parameters with InputData_Large.csv, K=2, N=1000000, D=68
K-means:
	 Points: 1000000
	 Dimension: 68
	 Centroides: 2
reading input data from InputData_Large.csv

Read 1000000 x 68 points data from InputData_Large.csv.

Centroides:
	6.0	11.0	1.0	0.0	0.0	6.0	0.0	2.0	2.0	0.0	0.0	7.0	0.0	2.0	1.0	0.0	0.0	1.0	0.0	1.0	0.0	0.0	0.0	0.0	8.0	0.0	2.0	0.0	0.0	0.0	11.0	4.0	1.0	2.0	2.0	0.0	2.0	0.0	2.0	2.0	4.0	2.0	1.0	0.0	0.0	0.0	1.0	0.0	2.0	10.0	0.0	1.0	0.0	1.0	0.0	1.0	0.0	0.0	0.0	0.0	0.0	2.0	1.0	1.0	0.0	13.0	1.0	0.0	
	7.0	1.0	1.0	0.0	0.0	0.0	0.0	1.0	2.0	0.0	0.0	7.0	0.0	0.0	0.0	0.0	0.0	0.0	0.0	1.0	1.0	0.0	0.0	0.0	0.0	0.0	2.0	2.0	0.0	0.0	0.0	4.0	2.0	2.0	0.0	0.0	2.0	0.0	2.0	1.0	4.0	0.0	1.0	0.0	0.0	0.0	6.0	0.0	3.0	10.0	0.0	1.0	0.0	1.0	0.0	1.0	0.0	0.0	3.0	0.0	0.0	0.0	2.0	2.0	0.0	11.0	6.0	0.0	
	
Number of iterations needed (T): 200

Number of changes (F): 1

 Performance counter stats for './km1':

      58252,663347      task-clock (msec)         #    3,284 CPUs utilized          
               124      context-switches          #    0,002 K/sec                  
                 6      cpu-migrations            #    0,000 K/sec                  
            10.132      page-faults               #    0,174 K/sec                  
   215.309.111.099      cycles                    #    3,696 GHz                    
   146.639.244.266      stalled-cycles-frontend   #   68,11% frontend cycles idle   
   <not supported>      stalled-cycles-backend   
   143.895.983.833      instructions              #    0,67  insns per cycle        
                                                  #    1,02  stalled cycles per insn
    14.881.871.859      branches                  #  255,471 M/sec                  
       315.376.386      branch-misses             #    2,12% of all branches        

      17,738398186 seconds time elapsed

Usage: ./km1<InputData_Large.csv>, <K=Number of Clusters>, <N=Number of Rows>, <D=Number of Columns>
We now use default parameters with InputData_Large.csv, K=2, N=1000000, D=68
K-means:
	 Points: 1000000
	 Dimension: 68
	 Centroides: 2
reading input data from InputData_Large.csv

Read 1000000 x 68 points data from InputData_Large.csv.

Centroides:
	6.0	11.0	1.0	0.0	0.0	6.0	0.0	2.0	2.0	0.0	0.0	7.0	0.0	2.0	1.0	0.0	0.0	1.0	0.0	1.0	0.0	0.0	0.0	0.0	8.0	0.0	2.0	0.0	0.0	0.0	11.0	4.0	1.0	2.0	2.0	0.0	2.0	0.0	2.0	2.0	4.0	2.0	1.0	0.0	0.0	0.0	1.0	0.0	2.0	10.0	0.0	1.0	0.0	1.0	0.0	1.0	0.0	0.0	0.0	0.0	0.0	2.0	1.0	1.0	0.0	13.0	1.0	0.0	
	7.0	1.0	1.0	0.0	0.0	0.0	0.0	1.0	2.0	0.0	0.0	7.0	0.0	0.0	0.0	0.0	0.0	0.0	0.0	1.0	1.0	0.0	0.0	0.0	0.0	0.0	2.0	2.0	0.0	0.0	0.0	4.0	2.0	2.0	0.0	0.0	2.0	0.0	2.0	1.0	4.0	0.0	1.0	0.0	0.0	0.0	6.0	0.0	3.0	10.0	0.0	1.0	0.0	1.0	0.0	1.0	0.0	0.0	3.0	0.0	0.0	0.0	2.0	2.0	0.0	11.0	6.0	0.0	
	
Number of iterations needed (T): 200

Number of changes (F): 1
read_CSV_data:
     36, Loop not vectorized/parallelized: potential early exits
     86, Memory copy idiom, loop replaced by call to __c_mcopy4
     94, Loop not vectorized/parallelized: contains call
PointsToCentroides:
    109, Generating present(New_Centr[:],Centroides[:],Labels[:],Punts[:])
         Generating copy(pR[:1])
         Generating present(Sep[:])
    111, Accelerator kernel generated
         Generating Tesla code
        112, #pragma acc loop gang /* blockIdx.x */
        117, #pragma acc loop vector(128) /* threadIdx.x */
    117, Loop is parallelizable
    121, Accelerator kernel generated
         Generating Tesla code
        122, #pragma acc loop gang /* blockIdx.x */
        136, #pragma acc loop vector(128) /* threadIdx.x */
        143, Generating implicit reduction(+:dist1)
        144, Generating implicit reduction(+:dist2)
        159, #pragma acc loop seq
        163, #pragma acc loop vector(128) /* threadIdx.x */
        176, Generating implicit reduction(+:dist1)
        177, Generating implicit reduction(+:dist2)
        178, Generating implicit reduction(+:dist3)
        179, Generating implicit reduction(+:dist4)
        200, #pragma acc loop vector(128) /* threadIdx.x */
        209, #pragma acc loop vector(128) /* threadIdx.x */
    136, Loop is parallelizable
    159, Loop carried scalar dependence for dist1 at line 182
         Scalar last value needed after loop for min_arg1 at line 197,196
         Loop carried scalar dependence for min_arg1 at line 182
         Loop carried scalar dependence for dist1 at line 183
         Loop carried scalar dependence for dist3 at line 185
         Scalar last value needed after loop for min_arg2 at line 211,206
         Scalar last value needed after loop for min_arg1 at line 202
         Scalar last value needed after loop for min_arg2 at line 205
         Loop carried scalar dependence for min_arg2 at line 185
         Loop carried scalar dependence for dist3 at line 186
         Loop carried scalar dependence for dist4 at line 179
         Loop carried scalar dependence for min_dist1 at line 182
         Loop carried scalar dependence for dist2 at line 188
         Loop carried scalar dependence for dist1 at line 176
         Loop carried scalar dependence for min_dist2 at line 186
         Loop carried scalar dependence for dist1 at line 189
         Loop carried scalar dependence for dist2 at line 177
         Loop carried scalar dependence for min_dist1 at line 183
         Loop carried scalar dependence for min_dist2 at line 185
         Loop carried scalar dependence for dist3 at line 178
         Loop carried scalar dependence for dist2 at line 189
         Loop carried scalar dependence for dist4 at line 192,191
    163, Loop is parallelizable
    200, Loop is parallelizable
    209, Loop is parallelizable
    215, Accelerator kernel generated
         Generating Tesla code
        216, #pragma acc loop gang /* blockIdx.x */
        220, #pragma acc loop vector(128) /* threadIdx.x */
    220, Loop is parallelizable
main:
    279, Loop not vectorized/parallelized: contains call
    285, read_CSV_data inlined, size=52 (inline) file kmeanACC.c (10)
          36, Loop not vectorized/parallelized: potential early exits
          86, Memory copy idiom, loop replaced by call to __c_mcopy4
          94, Loop not vectorized/parallelized: contains call
    288, Generating copyout(Labels[:N])
         Generating copy(Centroides[:C*D])
         Generating copyin(Punts[:N*D])
    289, Generating copyout(Sep[:C])
         Generating create(New_Centr[:C*D])
         Loop not vectorized/parallelized: potential early exits
    307, Loop not vectorized/parallelized: contains call
    326, Loop not vectorized/parallelized: contains call
    338, Loop not vectorized/parallelized: contains call
Usage: ./km2<InputData_Large.csv>, <K=Number of Clusters>, <N=Number of Rows>, <D=Number of Columns>
We now use default parameters with InputData_Large.csv, K=2, N=1000000, D=68
K-means:
	 Points: 1000000
	 Dimension: 68
	 Centroides: 2
reading input data from InputData_Large.csv

Read 1000000 x 68 points data from InputData_Large.csv.

Centroides:
	6.0	11.0	1.0	0.0	0.0	6.0	0.0	2.0	2.0	0.0	0.0	7.0	0.0	2.0	1.0	0.0	0.0	1.0	0.0	1.0	0.0	0.0	0.0	0.0	8.0	0.0	2.0	0.0	0.0	0.0	11.0	4.0	1.0	2.0	2.0	0.0	2.0	0.0	2.0	2.0	4.0	2.0	1.0	0.0	0.0	0.0	1.0	0.0	2.0	10.0	0.0	1.0	0.0	1.0	0.0	1.0	0.0	0.0	0.0	0.0	0.0	2.0	1.0	1.0	0.0	13.0	1.0	0.0	
	7.0	1.0	1.0	0.0	0.0	0.0	0.0	1.0	2.0	0.0	0.0	7.0	0.0	0.0	0.0	0.0	0.0	0.0	0.0	1.0	1.0	0.0	0.0	0.0	0.0	0.0	2.0	2.0	0.0	0.0	0.0	4.0	2.0	2.0	0.0	0.0	2.0	0.0	2.0	1.0	4.0	0.0	1.0	0.0	0.0	0.0	6.0	0.0	3.0	10.0	0.0	1.0	0.0	1.0	0.0	1.0	0.0	0.0	3.0	0.0	0.0	0.0	2.0	2.0	0.0	11.0	6.0	0.0	
	
Number of iterations needed (T): 200

Number of changes (F): 1

 Performance counter stats for './km2':

       9782,935653      task-clock (msec)         #    0,969 CPUs utilized          
               229      context-switches          #    0,023 K/sec                  
                16      cpu-migrations            #    0,002 K/sec                  
            13.083      page-faults               #    0,001 M/sec                  
    36.939.940.806      cycles                    #    3,776 GHz                    
    14.126.433.586      stalled-cycles-frontend   #   38,24% frontend cycles idle   
   <not supported>      stalled-cycles-backend   
    57.104.154.337      instructions              #    1,55  insns per cycle        
                                                  #    0,25  stalled cycles per insn
    12.128.924.034      branches                  # 1239,804 M/sec                  
        86.487.467      branch-misses             #    0,71% of all branches        

      10,094619152 seconds time elapsed

Usage: ./km2<InputData_Large.csv>, <K=Number of Clusters>, <N=Number of Rows>, <D=Number of Columns>
We now use default parameters with InputData_Large.csv, K=2, N=1000000, D=68
K-means:
	 Points: 1000000
	 Dimension: 68
	 Centroides: 2
reading input data from InputData_Large.csv

Read 1000000 x 68 points data from InputData_Large.csv.

Centroides:
	6.0	11.0	1.0	0.0	0.0	6.0	0.0	2.0	2.0	0.0	0.0	7.0	0.0	2.0	1.0	0.0	0.0	1.0	0.0	1.0	0.0	0.0	0.0	0.0	8.0	0.0	2.0	0.0	0.0	0.0	11.0	4.0	1.0	2.0	2.0	0.0	2.0	0.0	2.0	2.0	4.0	2.0	1.0	0.0	0.0	0.0	1.0	0.0	2.0	10.0	0.0	1.0	0.0	1.0	0.0	1.0	0.0	0.0	0.0	0.0	0.0	2.0	1.0	1.0	0.0	13.0	1.0	0.0	
	7.0	1.0	1.0	0.0	0.0	0.0	0.0	1.0	2.0	0.0	0.0	7.0	0.0	0.0	0.0	0.0	0.0	0.0	0.0	1.0	1.0	0.0	0.0	0.0	0.0	0.0	2.0	2.0	0.0	0.0	0.0	4.0	2.0	2.0	0.0	0.0	2.0	0.0	2.0	1.0	4.0	0.0	1.0	0.0	0.0	0.0	6.0	0.0	3.0	10.0	0.0	1.0	0.0	1.0	0.0	1.0	0.0	0.0	3.0	0.0	0.0	0.0	2.0	2.0	0.0	11.0	6.0	0.0	
	
Number of iterations needed (T): 200

Number of changes (F): 1
Usage: ./km2<InputData_Large.csv>, <K=Number of Clusters>, <N=Number of Rows>, <D=Number of Columns>
We now use default parameters with InputData_Large.csv, K=2, N=1000000, D=68
K-means:
	 Points: 1000000
	 Dimension: 68
	 Centroides: 2
reading input data from InputData_Large.csv

Read 1000000 x 68 points data from InputData_Large.csv.

Centroides:
	6.0	11.0	1.0	0.0	0.0	6.0	0.0	2.0	2.0	0.0	0.0	7.0	0.0	2.0	1.0	0.0	0.0	1.0	0.0	1.0	0.0	0.0	0.0	0.0	8.0	0.0	2.0	0.0	0.0	0.0	11.0	4.0	1.0	2.0	2.0	0.0	2.0	0.0	2.0	2.0	4.0	2.0	1.0	0.0	0.0	0.0	1.0	0.0	2.0	10.0	0.0	1.0	0.0	1.0	0.0	1.0	0.0	0.0	0.0	0.0	0.0	2.0	1.0	1.0	0.0	13.0	1.0	0.0	
	7.0	1.0	1.0	0.0	0.0	0.0	0.0	1.0	2.0	0.0	0.0	7.0	0.0	0.0	0.0	0.0	0.0	0.0	0.0	1.0	1.0	0.0	0.0	0.0	0.0	0.0	2.0	2.0	0.0	0.0	0.0	4.0	2.0	2.0	0.0	0.0	2.0	0.0	2.0	1.0	4.0	0.0	1.0	0.0	0.0	0.0	6.0	0.0	3.0	10.0	0.0	1.0	0.0	1.0	0.0	1.0	0.0	0.0	3.0	0.0	0.0	0.0	2.0	2.0	0.0	11.0	6.0	0.0	
	
Number of iterations needed (T): 200

Number of changes (F): 1
